<?xml version="1.0" encoding="utf-8"?><testsuites name="pytest tests"><testsuite name="pytest" errors="0" failures="0" skipped="0" tests="10" time="0.814" timestamp="2026-04-26T04:02:09.071172+00:00" hostname="agent-env-638d3885-43be-4c33-86fc-c178677dcc15"><testcase classname="backend.tests.test_api.TestHealth" name="test_root" time="0.135" /><testcase classname="backend.tests.test_api.TestContent" name="test_plans" time="0.048" /><testcase classname="backend.tests.test_api.TestContent" name="test_stats" time="0.049" /><testcase classname="backend.tests.test_api.TestContent" name="test_testimonials" time="0.045" /><testcase classname="backend.tests.test_api.TestContent" name="test_faqs" time="0.045" /><testcase classname="backend.tests.test_api.TestContent" name="test_steps" time="0.046" /><testcase classname="backend.tests.test_api.TestAnalytics" name="test_visit_log_and_summary" time="0.141" /><testcase classname="backend.tests.test_api.TestAnalytics" name="test_visit_validation" time="0.046" /><testcase classname="backend.tests.test_api.TestAnalytics" name="test_cta_log" time="0.045" /><testcase classname="backend.tests.test_api.TestAnalytics" name="test_cta_validation" time="0.048" /></testsuite></testsuites>